2023-10-01 17:50:05,685 - DEBUG - NativeEvent(path="/Users/hogan/Library/CloudStorage/Dropbox/Mac/Documents/GitHub/st_fantrax_dashboard/pages/streamlit_app_logs.log", inode=376166111, flags=10100, id=206566823): is_created, is_file
2023-10-01 17:50:05,692 - DEBUG - NativeEvent(path="/Users/hogan/Library/CloudStorage/Dropbox/Mac/Documents/GitHub/st_fantrax_dashboard/pages/streamlit_app_logs.log", inode=376166111, flags=10100, id=206566823): is_created, is_file
2023-10-01 17:50:05,697 - DEBUG - queue_event <FileCreatedEvent: event_type=created, src_path='/Users/hogan/Library/CloudStorage/Dropbox/Mac/Documents/GitHub/st_fantrax_dashboard/pages/streamlit_app_logs.log', is_directory=False>
2023-10-01 17:50:05,760 - DEBUG - queue_event <DirModifiedEvent: event_type=modified, src_path='/Users/hogan/Library/CloudStorage/Dropbox/Mac/Documents/GitHub/st_fantrax_dashboard/pages', is_directory=True>
2023-10-01 17:50:05,716 - DEBUG - queue_event <FileCreatedEvent: event_type=created, src_path='/Users/hogan/Library/CloudStorage/Dropbox/Mac/Documents/GitHub/st_fantrax_dashboard/pages/streamlit_app_logs.log', is_directory=False>
2023-10-01 17:50:05,775 - DEBUG - queue_event <DirModifiedEvent: event_type=modified, src_path='/Users/hogan/Library/CloudStorage/Dropbox/Mac/Documents/GitHub/st_fantrax_dashboard/pages', is_directory=True>
2023-10-01 17:50:05,806 - DEBUG - Starting load_and_concatenate_csvs() function. Loading and concatenating CSVs.
2023-10-01 17:50:06,050 - DEBUG - NativeEvent(path="/Users/hogan/Library/CloudStorage/Dropbox/Mac/Documents/GitHub/st_fantrax_dashboard/pages/streamlit_app_logs.log", inode=376166111, flags=10400, id=206566834): is_file, is_inode_meta_mod
2023-10-01 17:50:06,053 - DEBUG - queue_event <FileModifiedEvent: event_type=modified, src_path='/Users/hogan/Library/CloudStorage/Dropbox/Mac/Documents/GitHub/st_fantrax_dashboard/pages/streamlit_app_logs.log', is_directory=False>
2023-10-01 17:50:06,056 - DEBUG - NativeEvent(path="/Users/hogan/Library/CloudStorage/Dropbox/Mac/Documents/GitHub/st_fantrax_dashboard/pages/streamlit_app_logs.log", inode=376166111, flags=10400, id=206566834): is_file, is_inode_meta_mod
2023-10-01 17:50:06,056 - DEBUG - queue_event <FileModifiedEvent: event_type=modified, src_path='/Users/hogan/Library/CloudStorage/Dropbox/Mac/Documents/GitHub/st_fantrax_dashboard/pages/streamlit_app_logs.log', is_directory=False>
2023-10-01 17:50:06,297 - DEBUG - Concatenating 6 GWs worth of data into DataFrame.
2023-10-01 17:50:06,365 - DEBUG - Unique GW values: [1]
2023-10-01 17:50:06,366 - DEBUG - load_and_concatenate_csvs() function complete. Returning concatenated_df.
2023-10-01 17:50:07,231 - DEBUG - NativeEvent(path="/Users/hogan/Library/CloudStorage/Dropbox/Mac/Documents/GitHub/st_fantrax_dashboard/pages/streamlit_app_logs.log", inode=376166111, flags=410400, id=206566901): is_cloned, is_file, is_inode_meta_mod
2023-10-01 17:50:07,232 - DEBUG - NativeEvent(path="/Users/hogan/Library/CloudStorage/Dropbox/Mac/Documents/GitHub/st_fantrax_dashboard/pages/streamlit_app_logs.log", inode=376166111, flags=410400, id=206566901): is_cloned, is_file, is_inode_meta_mod
2023-10-01 17:50:07,232 - DEBUG - queue_event <FileModifiedEvent: event_type=modified, src_path='/Users/hogan/Library/CloudStorage/Dropbox/Mac/Documents/GitHub/st_fantrax_dashboard/pages/streamlit_app_logs.log', is_directory=False>
2023-10-01 17:50:07,232 - DEBUG - queue_event <FileModifiedEvent: event_type=modified, src_path='/Users/hogan/Library/CloudStorage/Dropbox/Mac/Documents/GitHub/st_fantrax_dashboard/pages/streamlit_app_logs.log', is_directory=False>
2023-10-01 17:50:08,832 - DEBUG - NativeEvent(path="/Users/hogan/Library/CloudStorage/Dropbox/Mac/Documents/GitHub/st_fantrax_dashboard/pages/streamlit_app_logs.log", inode=376166111, flags=418400, id=206567207): is_cloned, is_file, is_inode_meta_mod, is_xattr_mod
2023-10-01 17:50:08,832 - DEBUG - NativeEvent(path="/Users/hogan/Library/CloudStorage/Dropbox/Mac/Documents/GitHub/st_fantrax_dashboard/pages/streamlit_app_logs.log", inode=376166111, flags=418400, id=206567207): is_cloned, is_file, is_inode_meta_mod, is_xattr_mod
2023-10-01 17:50:08,835 - DEBUG - queue_event <FileModifiedEvent: event_type=modified, src_path='/Users/hogan/Library/CloudStorage/Dropbox/Mac/Documents/GitHub/st_fantrax_dashboard/pages/streamlit_app_logs.log', is_directory=False>
2023-10-01 17:50:08,836 - DEBUG - queue_event <FileModifiedEvent: event_type=modified, src_path='/Users/hogan/Library/CloudStorage/Dropbox/Mac/Documents/GitHub/st_fantrax_dashboard/pages/streamlit_app_logs.log', is_directory=False>
2023-10-01 17:50:09,013 - DEBUG - NativeEvent(path="/Users/hogan/Library/CloudStorage/Dropbox/Mac/Documents/GitHub/st_fantrax_dashboard/pages/streamlit_app_logs.log", inode=376166111, flags=418400, id=206567280): is_cloned, is_file, is_inode_meta_mod, is_xattr_mod
2023-10-01 17:50:09,014 - DEBUG - NativeEvent(path="/Users/hogan/Library/CloudStorage/Dropbox/Mac/Documents/GitHub/st_fantrax_dashboard/pages/streamlit_app_logs.log", inode=376166111, flags=418400, id=206567280): is_cloned, is_file, is_inode_meta_mod, is_xattr_mod
2023-10-01 17:50:09,030 - DEBUG - queue_event <FileModifiedEvent: event_type=modified, src_path='/Users/hogan/Library/CloudStorage/Dropbox/Mac/Documents/GitHub/st_fantrax_dashboard/pages/streamlit_app_logs.log', is_directory=False>
2023-10-01 17:50:09,047 - DEBUG - queue_event <FileModifiedEvent: event_type=modified, src_path='/Users/hogan/Library/CloudStorage/Dropbox/Mac/Documents/GitHub/st_fantrax_dashboard/pages/streamlit_app_logs.log', is_directory=False>
2023-10-01 17:50:09,278 - DEBUG - NativeEvent(path="/Users/hogan/Library/CloudStorage/Dropbox/Mac/Documents/GitHub/st_fantrax_dashboard/pages/streamlit_app_logs.log", inode=376166111, flags=418400, id=206567439): is_cloned, is_file, is_inode_meta_mod, is_xattr_mod
2023-10-01 17:50:09,278 - DEBUG - NativeEvent(path="/Users/hogan/Library/CloudStorage/Dropbox/Mac/Documents/GitHub/st_fantrax_dashboard/pages/streamlit_app_logs.log", inode=376166111, flags=418400, id=206567439): is_cloned, is_file, is_inode_meta_mod, is_xattr_mod
2023-10-01 17:50:09,289 - DEBUG - queue_event <FileModifiedEvent: event_type=modified, src_path='/Users/hogan/Library/CloudStorage/Dropbox/Mac/Documents/GitHub/st_fantrax_dashboard/pages/streamlit_app_logs.log', is_directory=False>
2023-10-01 17:50:09,295 - DEBUG - queue_event <FileModifiedEvent: event_type=modified, src_path='/Users/hogan/Library/CloudStorage/Dropbox/Mac/Documents/GitHub/st_fantrax_dashboard/pages/streamlit_app_logs.log', is_directory=False>
2023-10-01 17:50:09,832 - DEBUG - NativeEvent(path="/Users/hogan/Library/CloudStorage/Dropbox/Mac/Documents/GitHub/st_fantrax_dashboard/pages/streamlit_app_logs.log", inode=376166111, flags=418400, id=206567642): is_cloned, is_file, is_inode_meta_mod, is_xattr_mod
2023-10-01 17:50:09,832 - DEBUG - NativeEvent(path="/Users/hogan/Library/CloudStorage/Dropbox/Mac/Documents/GitHub/st_fantrax_dashboard/pages/streamlit_app_logs.log", inode=376166111, flags=418400, id=206567642): is_cloned, is_file, is_inode_meta_mod, is_xattr_mod
2023-10-01 17:50:09,851 - DEBUG - queue_event <FileModifiedEvent: event_type=modified, src_path='/Users/hogan/Library/CloudStorage/Dropbox/Mac/Documents/GitHub/st_fantrax_dashboard/pages/streamlit_app_logs.log', is_directory=False>
2023-10-01 17:50:09,873 - DEBUG - queue_event <FileModifiedEvent: event_type=modified, src_path='/Users/hogan/Library/CloudStorage/Dropbox/Mac/Documents/GitHub/st_fantrax_dashboard/pages/streamlit_app_logs.log', is_directory=False>
2023-10-01 17:50:15,166 - DEBUG - NativeEvent(path="/Users/hogan/Library/CloudStorage/Dropbox/Mac/Documents/GitHub/st_fantrax_dashboard/pages/streamlit_app_logs.log", inode=376166111, flags=410000, id=206568062): is_cloned, is_file
2023-10-01 17:50:15,166 - DEBUG - NativeEvent(path="/Users/hogan/Library/CloudStorage/Dropbox/Mac/Documents/GitHub/st_fantrax_dashboard/pages/streamlit_app_logs.log", inode=376166111, flags=410000, id=206568062): is_cloned, is_file
2023-10-01 17:50:16,264 - DEBUG - NativeEvent(path="/Users/hogan/Library/CloudStorage/Dropbox/Mac/Documents/GitHub/st_fantrax_dashboard/pages/streamlit_app_logs.log", inode=376166111, flags=410000, id=206568253): is_cloned, is_file
2023-10-01 17:50:16,264 - DEBUG - NativeEvent(path="/Users/hogan/Library/CloudStorage/Dropbox/Mac/Documents/GitHub/st_fantrax_dashboard/pages/streamlit_app_logs.log", inode=376166111, flags=410000, id=206568253): is_cloned, is_file
2023-10-01 17:50:21,791 - DEBUG - NativeEvent(path="/Users/hogan/Library/CloudStorage/Dropbox/Mac/Documents/GitHub/st_fantrax_dashboard/pages/streamlit_app_logs.log", inode=376166111, flags=410000, id=206568679): is_cloned, is_file
2023-10-01 17:50:21,791 - DEBUG - NativeEvent(path="/Users/hogan/Library/CloudStorage/Dropbox/Mac/Documents/GitHub/st_fantrax_dashboard/pages/streamlit_app_logs.log", inode=376166111, flags=410000, id=206568679): is_cloned, is_file
2023-10-01 17:50:32,310 - DEBUG - NativeEvent(path="/Users/hogan/Library/CloudStorage/Dropbox/Mac/Documents/GitHub/st_fantrax_dashboard/pages/streamlit_app_logs.log", inode=376166111, flags=410000, id=206572145): is_cloned, is_file
2023-10-01 17:50:32,310 - DEBUG - NativeEvent(path="/Users/hogan/Library/CloudStorage/Dropbox/Mac/Documents/GitHub/st_fantrax_dashboard/pages/streamlit_app_logs.log", inode=376166111, flags=410000, id=206572145): is_cloned, is_file
2023-10-01 17:50:52,703 - DEBUG - NativeEvent(path="/Users/hogan/Library/CloudStorage/Dropbox/Mac/Documents/GitHub/st_fantrax_dashboard/pages/streamlit_app_logs.log", inode=376166111, flags=410000, id=206576916): is_cloned, is_file
2023-10-01 17:50:52,704 - DEBUG - NativeEvent(path="/Users/hogan/Library/CloudStorage/Dropbox/Mac/Documents/GitHub/st_fantrax_dashboard/pages/streamlit_app_logs.log", inode=376166111, flags=410000, id=206576916): is_cloned, is_file
2023-10-01 17:51:03,843 - DEBUG - NativeEvent(path="/Users/hogan/Library/CloudStorage/Dropbox/Mac/Documents/GitHub/st_fantrax_dashboard/pages/1_Fantrax Dashboard.py", inode=375118806, flags=10400, id=206577673): is_file, is_inode_meta_mod
2023-10-01 17:51:03,863 - DEBUG - queue_event <FileModifiedEvent: event_type=modified, src_path='/Users/hogan/Library/CloudStorage/Dropbox/Mac/Documents/GitHub/st_fantrax_dashboard/pages/1_Fantrax Dashboard.py', is_directory=False>
2023-10-01 17:51:03,844 - DEBUG - NativeEvent(path="/Users/hogan/Library/CloudStorage/Dropbox/Mac/Documents/GitHub/st_fantrax_dashboard/pages/1_Fantrax Dashboard.py", inode=375118806, flags=10400, id=206577673): is_file, is_inode_meta_mod
2023-10-01 17:51:03,864 - DEBUG - queue_event <FileModifiedEvent: event_type=modified, src_path='/Users/hogan/Library/CloudStorage/Dropbox/Mac/Documents/GitHub/st_fantrax_dashboard/pages/1_Fantrax Dashboard.py', is_directory=False>
2023-10-01 17:51:03,874 - DEBUG - NativeEvent(path="/Users/hogan/Library/CloudStorage/Dropbox/Mac/Documents/GitHub/st_fantrax_dashboard/pages/1_Fantrax Dashboard.py", inode=375118806, flags=11400, id=206577676): is_file, is_inode_meta_mod, is_modified
2023-10-01 17:51:03,876 - DEBUG - NativeEvent(path="/Users/hogan/Library/CloudStorage/Dropbox/Mac/Documents/GitHub/st_fantrax_dashboard/pages/1_Fantrax Dashboard.py", inode=375118806, flags=11400, id=206577676): is_file, is_inode_meta_mod, is_modified
2023-10-01 17:51:03,876 - DEBUG - queue_event <FileModifiedEvent: event_type=modified, src_path='/Users/hogan/Library/CloudStorage/Dropbox/Mac/Documents/GitHub/st_fantrax_dashboard/pages/1_Fantrax Dashboard.py', is_directory=False>
2023-10-01 17:51:03,876 - DEBUG - queue_event <FileModifiedEvent: event_type=modified, src_path='/Users/hogan/Library/CloudStorage/Dropbox/Mac/Documents/GitHub/st_fantrax_dashboard/pages/1_Fantrax Dashboard.py', is_directory=False>
2023-10-01 17:51:04,274 - DEBUG - NativeEvent(path="/Users/hogan/Library/CloudStorage/Dropbox/Mac/Documents/GitHub/st_fantrax_dashboard/pages/1_Fantrax Dashboard.py", inode=375118806, flags=410000, id=206577697): is_cloned, is_file
2023-10-01 17:51:04,275 - DEBUG - NativeEvent(path="/Users/hogan/Library/CloudStorage/Dropbox/Mac/Documents/GitHub/st_fantrax_dashboard/pages/1_Fantrax Dashboard.py", inode=375118806, flags=410000, id=206577697): is_cloned, is_file
2023-10-01 17:51:06,851 - DEBUG - NativeEvent(path="/Users/hogan/Library/CloudStorage/Dropbox/Mac/Documents/GitHub/st_fantrax_dashboard/pages/1_Fantrax Dashboard.py", inode=375118806, flags=418000, id=206578011): is_cloned, is_file, is_xattr_mod
2023-10-01 17:51:06,851 - DEBUG - NativeEvent(path="/Users/hogan/Library/CloudStorage/Dropbox/Mac/Documents/GitHub/st_fantrax_dashboard/pages/1_Fantrax Dashboard.py", inode=375118806, flags=418000, id=206578011): is_cloned, is_file, is_xattr_mod
2023-10-01 17:51:06,851 - DEBUG - queue_event <FileModifiedEvent: event_type=modified, src_path='/Users/hogan/Library/CloudStorage/Dropbox/Mac/Documents/GitHub/st_fantrax_dashboard/pages/1_Fantrax Dashboard.py', is_directory=False>
2023-10-01 17:51:06,851 - DEBUG - queue_event <FileModifiedEvent: event_type=modified, src_path='/Users/hogan/Library/CloudStorage/Dropbox/Mac/Documents/GitHub/st_fantrax_dashboard/pages/1_Fantrax Dashboard.py', is_directory=False>
2023-10-01 17:51:08,566 - DEBUG - NativeEvent(path="/Users/hogan/Library/CloudStorage/Dropbox/Mac/Documents/GitHub/st_fantrax_dashboard/pages/1_Fantrax Dashboard.py", inode=375118806, flags=11400, id=206578103): is_file, is_inode_meta_mod, is_modified
2023-10-01 17:51:08,567 - DEBUG - NativeEvent(path="/Users/hogan/Library/CloudStorage/Dropbox/Mac/Documents/GitHub/st_fantrax_dashboard/pages/1_Fantrax Dashboard.py", inode=375118806, flags=11400, id=206578103): is_file, is_inode_meta_mod, is_modified
2023-10-01 17:51:08,573 - DEBUG - queue_event <FileModifiedEvent: event_type=modified, src_path='/Users/hogan/Library/CloudStorage/Dropbox/Mac/Documents/GitHub/st_fantrax_dashboard/pages/1_Fantrax Dashboard.py', is_directory=False>
2023-10-01 17:51:08,574 - DEBUG - queue_event <FileModifiedEvent: event_type=modified, src_path='/Users/hogan/Library/CloudStorage/Dropbox/Mac/Documents/GitHub/st_fantrax_dashboard/pages/1_Fantrax Dashboard.py', is_directory=False>
2023-10-01 17:51:08,585 - DEBUG - NativeEvent(path="/Users/hogan/Library/CloudStorage/Dropbox/Mac/Documents/GitHub/st_fantrax_dashboard/pages/1_Fantrax Dashboard.py", inode=375118806, flags=11400, id=206578117): is_file, is_inode_meta_mod, is_modified
2023-10-01 17:51:08,585 - DEBUG - NativeEvent(path="/Users/hogan/Library/CloudStorage/Dropbox/Mac/Documents/GitHub/st_fantrax_dashboard/pages/1_Fantrax Dashboard.py", inode=375118806, flags=11400, id=206578117): is_file, is_inode_meta_mod, is_modified
2023-10-01 17:51:08,586 - DEBUG - queue_event <FileModifiedEvent: event_type=modified, src_path='/Users/hogan/Library/CloudStorage/Dropbox/Mac/Documents/GitHub/st_fantrax_dashboard/pages/1_Fantrax Dashboard.py', is_directory=False>
2023-10-01 17:51:08,586 - DEBUG - queue_event <FileModifiedEvent: event_type=modified, src_path='/Users/hogan/Library/CloudStorage/Dropbox/Mac/Documents/GitHub/st_fantrax_dashboard/pages/1_Fantrax Dashboard.py', is_directory=False>
2023-10-01 17:51:08,709 - DEBUG - NativeEvent(path="/Users/hogan/Library/CloudStorage/Dropbox/Mac/Documents/GitHub/st_fantrax_dashboard/pages/1_Fantrax Dashboard.py", inode=375118806, flags=418000, id=206578156): is_cloned, is_file, is_xattr_mod
2023-10-01 17:51:08,709 - DEBUG - NativeEvent(path="/Users/hogan/Library/CloudStorage/Dropbox/Mac/Documents/GitHub/st_fantrax_dashboard/pages/1_Fantrax Dashboard.py", inode=375118806, flags=418000, id=206578156): is_cloned, is_file, is_xattr_mod
2023-10-01 17:51:08,709 - DEBUG - queue_event <FileModifiedEvent: event_type=modified, src_path='/Users/hogan/Library/CloudStorage/Dropbox/Mac/Documents/GitHub/st_fantrax_dashboard/pages/1_Fantrax Dashboard.py', is_directory=False>
2023-10-01 17:51:08,709 - DEBUG - queue_event <FileModifiedEvent: event_type=modified, src_path='/Users/hogan/Library/CloudStorage/Dropbox/Mac/Documents/GitHub/st_fantrax_dashboard/pages/1_Fantrax Dashboard.py', is_directory=False>
2023-10-01 17:51:10,106 - DEBUG - NativeEvent(path="/Users/hogan/Library/CloudStorage/Dropbox/Mac/Documents/GitHub/st_fantrax_dashboard/pages/1_Fantrax Dashboard.py", inode=375118806, flags=10400, id=206578385): is_file, is_inode_meta_mod
2023-10-01 17:51:10,109 - DEBUG - queue_event <FileModifiedEvent: event_type=modified, src_path='/Users/hogan/Library/CloudStorage/Dropbox/Mac/Documents/GitHub/st_fantrax_dashboard/pages/1_Fantrax Dashboard.py', is_directory=False>
2023-10-01 17:51:10,108 - DEBUG - NativeEvent(path="/Users/hogan/Library/CloudStorage/Dropbox/Mac/Documents/GitHub/st_fantrax_dashboard/pages/1_Fantrax Dashboard.py", inode=375118806, flags=10400, id=206578385): is_file, is_inode_meta_mod
2023-10-01 17:51:10,110 - DEBUG - queue_event <FileModifiedEvent: event_type=modified, src_path='/Users/hogan/Library/CloudStorage/Dropbox/Mac/Documents/GitHub/st_fantrax_dashboard/pages/1_Fantrax Dashboard.py', is_directory=False>
2023-10-01 17:51:10,125 - DEBUG - NativeEvent(path="/Users/hogan/Library/CloudStorage/Dropbox/Mac/Documents/GitHub/st_fantrax_dashboard/pages/1_Fantrax Dashboard.py", inode=375118806, flags=11400, id=206578388): is_file, is_inode_meta_mod, is_modified
2023-10-01 17:51:10,125 - DEBUG - queue_event <FileModifiedEvent: event_type=modified, src_path='/Users/hogan/Library/CloudStorage/Dropbox/Mac/Documents/GitHub/st_fantrax_dashboard/pages/1_Fantrax Dashboard.py', is_directory=False>
2023-10-01 17:51:10,127 - DEBUG - NativeEvent(path="/Users/hogan/Library/CloudStorage/Dropbox/Mac/Documents/GitHub/st_fantrax_dashboard/pages/1_Fantrax Dashboard.py", inode=375118806, flags=11400, id=206578388): is_file, is_inode_meta_mod, is_modified
2023-10-01 17:51:10,127 - DEBUG - queue_event <FileModifiedEvent: event_type=modified, src_path='/Users/hogan/Library/CloudStorage/Dropbox/Mac/Documents/GitHub/st_fantrax_dashboard/pages/1_Fantrax Dashboard.py', is_directory=False>
2023-10-01 17:51:10,190 - DEBUG - NativeEvent(path="/Users/hogan/Library/CloudStorage/Dropbox/Mac/Documents/GitHub/st_fantrax_dashboard/pages/1_Fantrax Dashboard.py", inode=375118806, flags=410000, id=206578394): is_cloned, is_file
2023-10-01 17:51:10,190 - DEBUG - NativeEvent(path="/Users/hogan/Library/CloudStorage/Dropbox/Mac/Documents/GitHub/st_fantrax_dashboard/pages/1_Fantrax Dashboard.py", inode=375118806, flags=410000, id=206578394): is_cloned, is_file
2023-10-01 17:51:12,162 - DEBUG - NativeEvent(path="/Users/hogan/Library/CloudStorage/Dropbox/Mac/Documents/GitHub/st_fantrax_dashboard/pages/1_Fantrax Dashboard.py", inode=375118806, flags=18000, id=206578757): is_file, is_xattr_mod
2023-10-01 17:51:12,162 - DEBUG - NativeEvent(path="/Users/hogan/Library/CloudStorage/Dropbox/Mac/Documents/GitHub/st_fantrax_dashboard/pages/1_Fantrax Dashboard.py", inode=375118806, flags=18000, id=206578757): is_file, is_xattr_mod
2023-10-01 17:51:12,163 - DEBUG - queue_event <FileModifiedEvent: event_type=modified, src_path='/Users/hogan/Library/CloudStorage/Dropbox/Mac/Documents/GitHub/st_fantrax_dashboard/pages/1_Fantrax Dashboard.py', is_directory=False>
2023-10-01 17:51:12,163 - DEBUG - queue_event <FileModifiedEvent: event_type=modified, src_path='/Users/hogan/Library/CloudStorage/Dropbox/Mac/Documents/GitHub/st_fantrax_dashboard/pages/1_Fantrax Dashboard.py', is_directory=False>
2023-10-01 17:51:30,595 - DEBUG - NativeEvent(path="/Users/hogan/Library/CloudStorage/Dropbox/Mac/Documents/GitHub/st_fantrax_dashboard/pages/streamlit_app_logs.log", inode=376166111, flags=410000, id=206581001): is_cloned, is_file
2023-10-01 17:51:30,595 - DEBUG - NativeEvent(path="/Users/hogan/Library/CloudStorage/Dropbox/Mac/Documents/GitHub/st_fantrax_dashboard/pages/streamlit_app_logs.log", inode=376166111, flags=410000, id=206581001): is_cloned, is_file
2023-10-01 17:51:36,604 - DEBUG - NativeEvent(path="/Users/hogan/Library/CloudStorage/Dropbox/Mac/Documents/GitHub/st_fantrax_dashboard/pages/1_Fantrax Dashboard.py", inode=375118806, flags=10400, id=206581405): is_file, is_inode_meta_mod
2023-10-01 17:51:36,604 - DEBUG - NativeEvent(path="/Users/hogan/Library/CloudStorage/Dropbox/Mac/Documents/GitHub/st_fantrax_dashboard/pages/1_Fantrax Dashboard.py", inode=375118806, flags=10400, id=206581405): is_file, is_inode_meta_mod
2023-10-01 17:51:36,613 - DEBUG - queue_event <FileModifiedEvent: event_type=modified, src_path='/Users/hogan/Library/CloudStorage/Dropbox/Mac/Documents/GitHub/st_fantrax_dashboard/pages/1_Fantrax Dashboard.py', is_directory=False>
2023-10-01 17:51:36,614 - DEBUG - queue_event <FileModifiedEvent: event_type=modified, src_path='/Users/hogan/Library/CloudStorage/Dropbox/Mac/Documents/GitHub/st_fantrax_dashboard/pages/1_Fantrax Dashboard.py', is_directory=False>
2023-10-01 17:51:36,624 - DEBUG - NativeEvent(path="/Users/hogan/Library/CloudStorage/Dropbox/Mac/Documents/GitHub/st_fantrax_dashboard/pages/1_Fantrax Dashboard.py", inode=375118806, flags=11400, id=206581408): is_file, is_inode_meta_mod, is_modified
2023-10-01 17:51:36,625 - DEBUG - NativeEvent(path="/Users/hogan/Library/CloudStorage/Dropbox/Mac/Documents/GitHub/st_fantrax_dashboard/pages/1_Fantrax Dashboard.py", inode=375118806, flags=11400, id=206581408): is_file, is_inode_meta_mod, is_modified
2023-10-01 17:51:36,625 - DEBUG - queue_event <FileModifiedEvent: event_type=modified, src_path='/Users/hogan/Library/CloudStorage/Dropbox/Mac/Documents/GitHub/st_fantrax_dashboard/pages/1_Fantrax Dashboard.py', is_directory=False>
2023-10-01 17:51:36,625 - DEBUG - queue_event <FileModifiedEvent: event_type=modified, src_path='/Users/hogan/Library/CloudStorage/Dropbox/Mac/Documents/GitHub/st_fantrax_dashboard/pages/1_Fantrax Dashboard.py', is_directory=False>
2023-10-01 17:51:36,830 - DEBUG - NativeEvent(path="/Users/hogan/Library/CloudStorage/Dropbox/Mac/Documents/GitHub/st_fantrax_dashboard/pages/1_Fantrax Dashboard.py", inode=375118806, flags=410000, id=206581426): is_cloned, is_file
2023-10-01 17:51:36,831 - DEBUG - NativeEvent(path="/Users/hogan/Library/CloudStorage/Dropbox/Mac/Documents/GitHub/st_fantrax_dashboard/pages/1_Fantrax Dashboard.py", inode=375118806, flags=410000, id=206581426): is_cloned, is_file
2023-10-01 17:51:38,371 - DEBUG - NativeEvent(path="/Users/hogan/Library/CloudStorage/Dropbox/Mac/Documents/GitHub/st_fantrax_dashboard/pages/1_Fantrax Dashboard.py", inode=375118806, flags=11400, id=206581629): is_file, is_inode_meta_mod, is_modified
2023-10-01 17:51:38,371 - DEBUG - NativeEvent(path="/Users/hogan/Library/CloudStorage/Dropbox/Mac/Documents/GitHub/st_fantrax_dashboard/pages/1_Fantrax Dashboard.py", inode=375118806, flags=11400, id=206581629): is_file, is_inode_meta_mod, is_modified
2023-10-01 17:51:38,395 - DEBUG - queue_event <FileModifiedEvent: event_type=modified, src_path='/Users/hogan/Library/CloudStorage/Dropbox/Mac/Documents/GitHub/st_fantrax_dashboard/pages/1_Fantrax Dashboard.py', is_directory=False>
2023-10-01 17:51:38,395 - DEBUG - queue_event <FileModifiedEvent: event_type=modified, src_path='/Users/hogan/Library/CloudStorage/Dropbox/Mac/Documents/GitHub/st_fantrax_dashboard/pages/1_Fantrax Dashboard.py', is_directory=False>
2023-10-01 17:51:38,406 - DEBUG - NativeEvent(path="/Users/hogan/Library/CloudStorage/Dropbox/Mac/Documents/GitHub/st_fantrax_dashboard/pages/1_Fantrax Dashboard.py", inode=375118806, flags=11400, id=206581632): is_file, is_inode_meta_mod, is_modified
2023-10-01 17:51:38,406 - DEBUG - NativeEvent(path="/Users/hogan/Library/CloudStorage/Dropbox/Mac/Documents/GitHub/st_fantrax_dashboard/pages/1_Fantrax Dashboard.py", inode=375118806, flags=11400, id=206581632): is_file, is_inode_meta_mod, is_modified
2023-10-01 17:51:38,407 - DEBUG - queue_event <FileModifiedEvent: event_type=modified, src_path='/Users/hogan/Library/CloudStorage/Dropbox/Mac/Documents/GitHub/st_fantrax_dashboard/pages/1_Fantrax Dashboard.py', is_directory=False>
2023-10-01 17:51:38,407 - DEBUG - queue_event <FileModifiedEvent: event_type=modified, src_path='/Users/hogan/Library/CloudStorage/Dropbox/Mac/Documents/GitHub/st_fantrax_dashboard/pages/1_Fantrax Dashboard.py', is_directory=False>
2023-10-01 17:51:38,471 - DEBUG - NativeEvent(path="/Users/hogan/Library/CloudStorage/Dropbox/Mac/Documents/GitHub/st_fantrax_dashboard/pages/1_Fantrax Dashboard.py", inode=375118806, flags=410000, id=206581653): is_cloned, is_file
2023-10-01 17:51:38,472 - DEBUG - NativeEvent(path="/Users/hogan/Library/CloudStorage/Dropbox/Mac/Documents/GitHub/st_fantrax_dashboard/pages/1_Fantrax Dashboard.py", inode=375118806, flags=410000, id=206581653): is_cloned, is_file
2023-10-01 17:51:40,937 - DEBUG - NativeEvent(path="/Users/hogan/Library/CloudStorage/Dropbox/Mac/Documents/GitHub/st_fantrax_dashboard/pages/1_Fantrax Dashboard.py", inode=375118806, flags=418000, id=206581978): is_cloned, is_file, is_xattr_mod
2023-10-01 17:51:40,938 - DEBUG - NativeEvent(path="/Users/hogan/Library/CloudStorage/Dropbox/Mac/Documents/GitHub/st_fantrax_dashboard/pages/1_Fantrax Dashboard.py", inode=375118806, flags=418000, id=206581978): is_cloned, is_file, is_xattr_mod
2023-10-01 17:51:40,939 - DEBUG - queue_event <FileModifiedEvent: event_type=modified, src_path='/Users/hogan/Library/CloudStorage/Dropbox/Mac/Documents/GitHub/st_fantrax_dashboard/pages/1_Fantrax Dashboard.py', is_directory=False>
2023-10-01 17:51:40,940 - DEBUG - queue_event <FileModifiedEvent: event_type=modified, src_path='/Users/hogan/Library/CloudStorage/Dropbox/Mac/Documents/GitHub/st_fantrax_dashboard/pages/1_Fantrax Dashboard.py', is_directory=False>
2023-10-01 17:51:41,705 - DEBUG - NativeEvent(path="/Users/hogan/Library/CloudStorage/Dropbox/Mac/Documents/GitHub/st_fantrax_dashboard/pages/1_Fantrax Dashboard.py", inode=375118806, flags=11400, id=206582013): is_file, is_inode_meta_mod, is_modified
2023-10-01 17:51:41,706 - DEBUG - NativeEvent(path="/Users/hogan/Library/CloudStorage/Dropbox/Mac/Documents/GitHub/st_fantrax_dashboard/pages/1_Fantrax Dashboard.py", inode=375118806, flags=11400, id=206582013): is_file, is_inode_meta_mod, is_modified
2023-10-01 17:51:41,715 - DEBUG - queue_event <FileModifiedEvent: event_type=modified, src_path='/Users/hogan/Library/CloudStorage/Dropbox/Mac/Documents/GitHub/st_fantrax_dashboard/pages/1_Fantrax Dashboard.py', is_directory=False>
2023-10-01 17:51:41,716 - DEBUG - queue_event <FileModifiedEvent: event_type=modified, src_path='/Users/hogan/Library/CloudStorage/Dropbox/Mac/Documents/GitHub/st_fantrax_dashboard/pages/1_Fantrax Dashboard.py', is_directory=False>
2023-10-01 17:51:41,734 - DEBUG - NativeEvent(path="/Users/hogan/Library/CloudStorage/Dropbox/Mac/Documents/GitHub/st_fantrax_dashboard/pages/1_Fantrax Dashboard.py", inode=375118806, flags=11400, id=206582016): is_file, is_inode_meta_mod, is_modified
2023-10-01 17:51:41,734 - DEBUG - NativeEvent(path="/Users/hogan/Library/CloudStorage/Dropbox/Mac/Documents/GitHub/st_fantrax_dashboard/pages/1_Fantrax Dashboard.py", inode=375118806, flags=11400, id=206582016): is_file, is_inode_meta_mod, is_modified
2023-10-01 17:51:41,736 - DEBUG - queue_event <FileModifiedEvent: event_type=modified, src_path='/Users/hogan/Library/CloudStorage/Dropbox/Mac/Documents/GitHub/st_fantrax_dashboard/pages/1_Fantrax Dashboard.py', is_directory=False>
2023-10-01 17:51:41,737 - DEBUG - queue_event <FileModifiedEvent: event_type=modified, src_path='/Users/hogan/Library/CloudStorage/Dropbox/Mac/Documents/GitHub/st_fantrax_dashboard/pages/1_Fantrax Dashboard.py', is_directory=False>
2023-10-01 17:51:41,775 - DEBUG - NativeEvent(path="/Users/hogan/Library/CloudStorage/Dropbox/Mac/Documents/GitHub/st_fantrax_dashboard/pages/1_Fantrax Dashboard.py", inode=375118806, flags=418000, id=206582031): is_cloned, is_file, is_xattr_mod
2023-10-01 17:51:41,776 - DEBUG - NativeEvent(path="/Users/hogan/Library/CloudStorage/Dropbox/Mac/Documents/GitHub/st_fantrax_dashboard/pages/1_Fantrax Dashboard.py", inode=375118806, flags=418000, id=206582031): is_cloned, is_file, is_xattr_mod
2023-10-01 17:51:41,776 - DEBUG - queue_event <FileModifiedEvent: event_type=modified, src_path='/Users/hogan/Library/CloudStorage/Dropbox/Mac/Documents/GitHub/st_fantrax_dashboard/pages/1_Fantrax Dashboard.py', is_directory=False>
2023-10-01 17:51:41,776 - DEBUG - queue_event <FileModifiedEvent: event_type=modified, src_path='/Users/hogan/Library/CloudStorage/Dropbox/Mac/Documents/GitHub/st_fantrax_dashboard/pages/1_Fantrax Dashboard.py', is_directory=False>
2023-10-01 17:51:44,450 - DEBUG - NativeEvent(path="/Users/hogan/Library/CloudStorage/Dropbox/Mac/Documents/GitHub/st_fantrax_dashboard/pages/1_Fantrax Dashboard.py.2437732c4c1078f633a59de222311b31.tmp", inode=376167223, flags=10100, id=206582390): is_created, is_file
2023-10-01 17:51:44,451 - DEBUG - NativeEvent(path="/Users/hogan/Library/CloudStorage/Dropbox/Mac/Documents/GitHub/st_fantrax_dashboard/pages/1_Fantrax Dashboard.py.2437732c4c1078f633a59de222311b31.tmp", inode=376167223, flags=10100, id=206582390): is_created, is_file
2023-10-01 17:51:44,461 - DEBUG - queue_event <FileCreatedEvent: event_type=created, src_path='/Users/hogan/Library/CloudStorage/Dropbox/Mac/Documents/GitHub/st_fantrax_dashboard/pages/1_Fantrax Dashboard.py.2437732c4c1078f633a59de222311b31.tmp', is_directory=False>
2023-10-01 17:51:44,463 - DEBUG - queue_event <FileCreatedEvent: event_type=created, src_path='/Users/hogan/Library/CloudStorage/Dropbox/Mac/Documents/GitHub/st_fantrax_dashboard/pages/1_Fantrax Dashboard.py.2437732c4c1078f633a59de222311b31.tmp', is_directory=False>
2023-10-01 17:51:44,464 - DEBUG - queue_event <DirModifiedEvent: event_type=modified, src_path='/Users/hogan/Library/CloudStorage/Dropbox/Mac/Documents/GitHub/st_fantrax_dashboard/pages', is_directory=True>
2023-10-01 17:51:44,465 - DEBUG - queue_event <DirModifiedEvent: event_type=modified, src_path='/Users/hogan/Library/CloudStorage/Dropbox/Mac/Documents/GitHub/st_fantrax_dashboard/pages', is_directory=True>
2023-10-01 17:51:44,468 - DEBUG - NativeEvent(path="/Users/hogan/Library/CloudStorage/Dropbox/Mac/Documents/GitHub/st_fantrax_dashboard/pages/1_Fantrax Dashboard.py.2437732c4c1078f633a59de222311b31.tmp", inode=376167223, flags=11100, id=206582401): is_created, is_file, is_modified
2023-10-01 17:51:44,469 - DEBUG - NativeEvent(path="/Users/hogan/Library/CloudStorage/Dropbox/Mac/Documents/GitHub/st_fantrax_dashboard/pages/1_Fantrax Dashboard.py.2437732c4c1078f633a59de222311b31.tmp", inode=376167223, flags=11100, id=206582401): is_created, is_file, is_modified
2023-10-01 17:51:44,470 - DEBUG - queue_event <FileModifiedEvent: event_type=modified, src_path='/Users/hogan/Library/CloudStorage/Dropbox/Mac/Documents/GitHub/st_fantrax_dashboard/pages/1_Fantrax Dashboard.py.2437732c4c1078f633a59de222311b31.tmp', is_directory=False>
2023-10-01 17:51:44,470 - DEBUG - queue_event <FileModifiedEvent: event_type=modified, src_path='/Users/hogan/Library/CloudStorage/Dropbox/Mac/Documents/GitHub/st_fantrax_dashboard/pages/1_Fantrax Dashboard.py.2437732c4c1078f633a59de222311b31.tmp', is_directory=False>
2023-10-01 17:51:44,484 - DEBUG - NativeEvent(path="/Users/hogan/Library/CloudStorage/Dropbox/Mac/Documents/GitHub/st_fantrax_dashboard/pages/1_Fantrax Dashboard.py.2437732c4c1078f633a59de222311b31.tmp", inode=376167223, flags=10400, id=206582409): is_file, is_inode_meta_mod
2023-10-01 17:51:44,484 - DEBUG - NativeEvent(path="/Users/hogan/Library/CloudStorage/Dropbox/Mac/Documents/GitHub/st_fantrax_dashboard/pages/1_Fantrax Dashboard.py.2437732c4c1078f633a59de222311b31.tmp", inode=376167223, flags=10400, id=206582409): is_file, is_inode_meta_mod
2023-10-01 17:51:44,485 - DEBUG - queue_event <FileModifiedEvent: event_type=modified, src_path='/Users/hogan/Library/CloudStorage/Dropbox/Mac/Documents/GitHub/st_fantrax_dashboard/pages/1_Fantrax Dashboard.py.2437732c4c1078f633a59de222311b31.tmp', is_directory=False>
2023-10-01 17:51:44,485 - DEBUG - queue_event <FileModifiedEvent: event_type=modified, src_path='/Users/hogan/Library/CloudStorage/Dropbox/Mac/Documents/GitHub/st_fantrax_dashboard/pages/1_Fantrax Dashboard.py.2437732c4c1078f633a59de222311b31.tmp', is_directory=False>
2023-10-01 17:51:44,670 - DEBUG - NativeEvent(path="/Users/hogan/Library/CloudStorage/Dropbox/Mac/Documents/GitHub/st_fantrax_dashboard/pages/1_Fantrax Dashboard.py.2437732c4c1078f633a59de222311b31.tmp", inode=376167223, flags=11300, id=206582475): is_coalesced, is_created, is_file, is_modified, is_removed
2023-10-01 17:51:44,672 - DEBUG - NativeEvent(path="/Users/hogan/Library/CloudStorage/Dropbox/Mac/Documents/GitHub/st_fantrax_dashboard/pages/1_Fantrax Dashboard.py.2437732c4c1078f633a59de222311b31.tmp", inode=376167223, flags=11300, id=206582475): is_coalesced, is_created, is_file, is_modified, is_removed
2023-10-01 17:51:44,672 - DEBUG - queue_event <FileModifiedEvent: event_type=modified, src_path='/Users/hogan/Library/CloudStorage/Dropbox/Mac/Documents/GitHub/st_fantrax_dashboard/pages/1_Fantrax Dashboard.py.2437732c4c1078f633a59de222311b31.tmp', is_directory=False>
2023-10-01 17:51:44,672 - DEBUG - queue_event <FileModifiedEvent: event_type=modified, src_path='/Users/hogan/Library/CloudStorage/Dropbox/Mac/Documents/GitHub/st_fantrax_dashboard/pages/1_Fantrax Dashboard.py.2437732c4c1078f633a59de222311b31.tmp', is_directory=False>
2023-10-01 17:51:44,678 - DEBUG - queue_event <FileDeletedEvent: event_type=deleted, src_path='/Users/hogan/Library/CloudStorage/Dropbox/Mac/Documents/GitHub/st_fantrax_dashboard/pages/1_Fantrax Dashboard.py.2437732c4c1078f633a59de222311b31.tmp', is_directory=False>
2023-10-01 17:51:44,672 - DEBUG - queue_event <FileDeletedEvent: event_type=deleted, src_path='/Users/hogan/Library/CloudStorage/Dropbox/Mac/Documents/GitHub/st_fantrax_dashboard/pages/1_Fantrax Dashboard.py.2437732c4c1078f633a59de222311b31.tmp', is_directory=False>
2023-10-01 17:51:44,701 - DEBUG - queue_event <DirModifiedEvent: event_type=modified, src_path='/Users/hogan/Library/CloudStorage/Dropbox/Mac/Documents/GitHub/st_fantrax_dashboard/pages', is_directory=True>
2023-10-01 17:51:44,701 - DEBUG - queue_event <DirModifiedEvent: event_type=modified, src_path='/Users/hogan/Library/CloudStorage/Dropbox/Mac/Documents/GitHub/st_fantrax_dashboard/pages', is_directory=True>
2023-10-01 17:51:45,419 - DEBUG - NativeEvent(path="/Users/hogan/Library/CloudStorage/Dropbox/Mac/Documents/GitHub/st_fantrax_dashboard/pages/1_Fantrax Dashboard.py", inode=375118806, flags=11400, id=206582527): is_file, is_inode_meta_mod, is_modified
2023-10-01 17:51:45,419 - DEBUG - NativeEvent(path="/Users/hogan/Library/CloudStorage/Dropbox/Mac/Documents/GitHub/st_fantrax_dashboard/pages/1_Fantrax Dashboard.py", inode=375118806, flags=11400, id=206582527): is_file, is_inode_meta_mod, is_modified
2023-10-01 17:51:45,429 - DEBUG - queue_event <FileModifiedEvent: event_type=modified, src_path='/Users/hogan/Library/CloudStorage/Dropbox/Mac/Documents/GitHub/st_fantrax_dashboard/pages/1_Fantrax Dashboard.py', is_directory=False>
2023-10-01 17:51:45,429 - DEBUG - queue_event <FileModifiedEvent: event_type=modified, src_path='/Users/hogan/Library/CloudStorage/Dropbox/Mac/Documents/GitHub/st_fantrax_dashboard/pages/1_Fantrax Dashboard.py', is_directory=False>
2023-10-01 17:51:45,440 - DEBUG - NativeEvent(path="/Users/hogan/Library/CloudStorage/Dropbox/Mac/Documents/GitHub/st_fantrax_dashboard/pages/1_Fantrax Dashboard.py", inode=375118806, flags=11400, id=206582530): is_file, is_inode_meta_mod, is_modified
2023-10-01 17:51:45,440 - DEBUG - NativeEvent(path="/Users/hogan/Library/CloudStorage/Dropbox/Mac/Documents/GitHub/st_fantrax_dashboard/pages/1_Fantrax Dashboard.py", inode=375118806, flags=11400, id=206582530): is_file, is_inode_meta_mod, is_modified
2023-10-01 17:51:45,440 - DEBUG - queue_event <FileModifiedEvent: event_type=modified, src_path='/Users/hogan/Library/CloudStorage/Dropbox/Mac/Documents/GitHub/st_fantrax_dashboard/pages/1_Fantrax Dashboard.py', is_directory=False>
2023-10-01 17:51:45,440 - DEBUG - queue_event <FileModifiedEvent: event_type=modified, src_path='/Users/hogan/Library/CloudStorage/Dropbox/Mac/Documents/GitHub/st_fantrax_dashboard/pages/1_Fantrax Dashboard.py', is_directory=False>
2023-10-01 17:51:45,500 - DEBUG - NativeEvent(path="/Users/hogan/Library/CloudStorage/Dropbox/Mac/Documents/GitHub/st_fantrax_dashboard/pages/1_Fantrax Dashboard.py", inode=375118806, flags=418000, id=206582545): is_cloned, is_file, is_xattr_mod
2023-10-01 17:51:45,500 - DEBUG - NativeEvent(path="/Users/hogan/Library/CloudStorage/Dropbox/Mac/Documents/GitHub/st_fantrax_dashboard/pages/1_Fantrax Dashboard.py", inode=375118806, flags=418000, id=206582545): is_cloned, is_file, is_xattr_mod
2023-10-01 17:51:45,501 - DEBUG - queue_event <FileModifiedEvent: event_type=modified, src_path='/Users/hogan/Library/CloudStorage/Dropbox/Mac/Documents/GitHub/st_fantrax_dashboard/pages/1_Fantrax Dashboard.py', is_directory=False>
2023-10-01 17:51:45,501 - DEBUG - queue_event <FileModifiedEvent: event_type=modified, src_path='/Users/hogan/Library/CloudStorage/Dropbox/Mac/Documents/GitHub/st_fantrax_dashboard/pages/1_Fantrax Dashboard.py', is_directory=False>
2023-10-01 17:51:47,744 - DEBUG - NativeEvent(path="/Users/hogan/Library/CloudStorage/Dropbox/Mac/Documents/GitHub/st_fantrax_dashboard/pages/1_Fantrax Dashboard.py", inode=375118806, flags=418000, id=206582901): is_cloned, is_file, is_xattr_mod
2023-10-01 17:51:47,744 - DEBUG - NativeEvent(path="/Users/hogan/Library/CloudStorage/Dropbox/Mac/Documents/GitHub/st_fantrax_dashboard/pages/1_Fantrax Dashboard.py", inode=375118806, flags=418000, id=206582901): is_cloned, is_file, is_xattr_mod
2023-10-01 17:51:47,745 - DEBUG - queue_event <FileModifiedEvent: event_type=modified, src_path='/Users/hogan/Library/CloudStorage/Dropbox/Mac/Documents/GitHub/st_fantrax_dashboard/pages/1_Fantrax Dashboard.py', is_directory=False>
2023-10-01 17:51:47,745 - DEBUG - queue_event <FileModifiedEvent: event_type=modified, src_path='/Users/hogan/Library/CloudStorage/Dropbox/Mac/Documents/GitHub/st_fantrax_dashboard/pages/1_Fantrax Dashboard.py', is_directory=False>
2023-10-01 17:51:51,096 - DEBUG - NativeEvent(path="/Users/hogan/Library/CloudStorage/Dropbox/Mac/Documents/GitHub/st_fantrax_dashboard/pages/1_Fantrax Dashboard.py.2437732c4c1078f633a59de222311b31.tmp", inode=376167273, flags=10100, id=206583153): is_created, is_file
2023-10-01 17:51:51,096 - DEBUG - NativeEvent(path="/Users/hogan/Library/CloudStorage/Dropbox/Mac/Documents/GitHub/st_fantrax_dashboard/pages/1_Fantrax Dashboard.py.2437732c4c1078f633a59de222311b31.tmp", inode=376167273, flags=10100, id=206583153): is_created, is_file
2023-10-01 17:51:51,119 - DEBUG - queue_event <FileCreatedEvent: event_type=created, src_path='/Users/hogan/Library/CloudStorage/Dropbox/Mac/Documents/GitHub/st_fantrax_dashboard/pages/1_Fantrax Dashboard.py.2437732c4c1078f633a59de222311b31.tmp', is_directory=False>
2023-10-01 17:51:51,119 - DEBUG - queue_event <DirModifiedEvent: event_type=modified, src_path='/Users/hogan/Library/CloudStorage/Dropbox/Mac/Documents/GitHub/st_fantrax_dashboard/pages', is_directory=True>
2023-10-01 17:51:51,118 - DEBUG - queue_event <FileCreatedEvent: event_type=created, src_path='/Users/hogan/Library/CloudStorage/Dropbox/Mac/Documents/GitHub/st_fantrax_dashboard/pages/1_Fantrax Dashboard.py.2437732c4c1078f633a59de222311b31.tmp', is_directory=False>
2023-10-01 17:51:51,120 - DEBUG - queue_event <DirModifiedEvent: event_type=modified, src_path='/Users/hogan/Library/CloudStorage/Dropbox/Mac/Documents/GitHub/st_fantrax_dashboard/pages', is_directory=True>
2023-10-01 17:51:51,133 - DEBUG - NativeEvent(path="/Users/hogan/Library/CloudStorage/Dropbox/Mac/Documents/GitHub/st_fantrax_dashboard/pages/1_Fantrax Dashboard.py.2437732c4c1078f633a59de222311b31.tmp", inode=376167273, flags=11100, id=206583161): is_created, is_file, is_modified
2023-10-01 17:51:51,133 - DEBUG - queue_event <FileModifiedEvent: event_type=modified, src_path='/Users/hogan/Library/CloudStorage/Dropbox/Mac/Documents/GitHub/st_fantrax_dashboard/pages/1_Fantrax Dashboard.py.2437732c4c1078f633a59de222311b31.tmp', is_directory=False>
2023-10-01 17:51:51,138 - DEBUG - NativeEvent(path="/Users/hogan/Library/CloudStorage/Dropbox/Mac/Documents/GitHub/st_fantrax_dashboard/pages/1_Fantrax Dashboard.py.2437732c4c1078f633a59de222311b31.tmp", inode=376167273, flags=11100, id=206583161): is_created, is_file, is_modified
2023-10-01 17:51:51,139 - DEBUG - queue_event <FileModifiedEvent: event_type=modified, src_path='/Users/hogan/Library/CloudStorage/Dropbox/Mac/Documents/GitHub/st_fantrax_dashboard/pages/1_Fantrax Dashboard.py.2437732c4c1078f633a59de222311b31.tmp', is_directory=False>
2023-10-01 17:51:51,204 - DEBUG - NativeEvent(path="/Users/hogan/Library/CloudStorage/Dropbox/Mac/Documents/GitHub/st_fantrax_dashboard/pages/1_Fantrax Dashboard.py.2437732c4c1078f633a59de222311b31.tmp", inode=376167273, flags=10400, id=206583167): is_file, is_inode_meta_mod
2023-10-01 17:51:51,204 - DEBUG - queue_event <FileModifiedEvent: event_type=modified, src_path='/Users/hogan/Library/CloudStorage/Dropbox/Mac/Documents/GitHub/st_fantrax_dashboard/pages/1_Fantrax Dashboard.py.2437732c4c1078f633a59de222311b31.tmp', is_directory=False>
2023-10-01 17:51:51,204 - DEBUG - NativeEvent(path="/Users/hogan/Library/CloudStorage/Dropbox/Mac/Documents/GitHub/st_fantrax_dashboard/pages/1_Fantrax Dashboard.py.2437732c4c1078f633a59de222311b31.tmp", inode=376167273, flags=10400, id=206583167): is_file, is_inode_meta_mod
2023-10-01 17:51:51,204 - DEBUG - queue_event <FileModifiedEvent: event_type=modified, src_path='/Users/hogan/Library/CloudStorage/Dropbox/Mac/Documents/GitHub/st_fantrax_dashboard/pages/1_Fantrax Dashboard.py.2437732c4c1078f633a59de222311b31.tmp', is_directory=False>
2023-10-01 17:51:51,416 - DEBUG - NativeEvent(path="/Users/hogan/Library/CloudStorage/Dropbox/Mac/Documents/GitHub/st_fantrax_dashboard/pages/1_Fantrax Dashboard.py.2437732c4c1078f633a59de222311b31.tmp", inode=376167273, flags=11300, id=206583276): is_coalesced, is_created, is_file, is_modified, is_removed
2023-10-01 17:51:51,417 - DEBUG - NativeEvent(path="/Users/hogan/Library/CloudStorage/Dropbox/Mac/Documents/GitHub/st_fantrax_dashboard/pages/1_Fantrax Dashboard.py.2437732c4c1078f633a59de222311b31.tmp", inode=376167273, flags=11300, id=206583276): is_coalesced, is_created, is_file, is_modified, is_removed
2023-10-01 17:51:51,428 - DEBUG - queue_event <FileModifiedEvent: event_type=modified, src_path='/Users/hogan/Library/CloudStorage/Dropbox/Mac/Documents/GitHub/st_fantrax_dashboard/pages/1_Fantrax Dashboard.py.2437732c4c1078f633a59de222311b31.tmp', is_directory=False>
2023-10-01 17:51:51,428 - DEBUG - queue_event <FileModifiedEvent: event_type=modified, src_path='/Users/hogan/Library/CloudStorage/Dropbox/Mac/Documents/GitHub/st_fantrax_dashboard/pages/1_Fantrax Dashboard.py.2437732c4c1078f633a59de222311b31.tmp', is_directory=False>
2023-10-01 17:51:51,429 - DEBUG - queue_event <FileDeletedEvent: event_type=deleted, src_path='/Users/hogan/Library/CloudStorage/Dropbox/Mac/Documents/GitHub/st_fantrax_dashboard/pages/1_Fantrax Dashboard.py.2437732c4c1078f633a59de222311b31.tmp', is_directory=False>
2023-10-01 17:51:51,430 - DEBUG - queue_event <DirModifiedEvent: event_type=modified, src_path='/Users/hogan/Library/CloudStorage/Dropbox/Mac/Documents/GitHub/st_fantrax_dashboard/pages', is_directory=True>
2023-10-01 17:51:51,429 - DEBUG - queue_event <FileDeletedEvent: event_type=deleted, src_path='/Users/hogan/Library/CloudStorage/Dropbox/Mac/Documents/GitHub/st_fantrax_dashboard/pages/1_Fantrax Dashboard.py.2437732c4c1078f633a59de222311b31.tmp', is_directory=False>
2023-10-01 17:51:51,430 - DEBUG - queue_event <DirModifiedEvent: event_type=modified, src_path='/Users/hogan/Library/CloudStorage/Dropbox/Mac/Documents/GitHub/st_fantrax_dashboard/pages', is_directory=True>
2023-10-01 17:51:52,055 - DEBUG - NativeEvent(path="/Users/hogan/Library/CloudStorage/Dropbox/Mac/Documents/GitHub/st_fantrax_dashboard/pages/1_Fantrax Dashboard.py", inode=375118806, flags=10400, id=206583363): is_file, is_inode_meta_mod
2023-10-01 17:51:52,055 - DEBUG - NativeEvent(path="/Users/hogan/Library/CloudStorage/Dropbox/Mac/Documents/GitHub/st_fantrax_dashboard/pages/1_Fantrax Dashboard.py", inode=375118806, flags=10400, id=206583363): is_file, is_inode_meta_mod
2023-10-01 17:51:52,056 - DEBUG - queue_event <FileModifiedEvent: event_type=modified, src_path='/Users/hogan/Library/CloudStorage/Dropbox/Mac/Documents/GitHub/st_fantrax_dashboard/pages/1_Fantrax Dashboard.py', is_directory=False>
2023-10-01 17:51:52,056 - DEBUG - queue_event <FileModifiedEvent: event_type=modified, src_path='/Users/hogan/Library/CloudStorage/Dropbox/Mac/Documents/GitHub/st_fantrax_dashboard/pages/1_Fantrax Dashboard.py', is_directory=False>
2023-10-01 17:51:52,089 - DEBUG - NativeEvent(path="/Users/hogan/Library/CloudStorage/Dropbox/Mac/Documents/GitHub/st_fantrax_dashboard/pages/1_Fantrax Dashboard.py", inode=375118806, flags=11400, id=206583366): is_file, is_inode_meta_mod, is_modified
2023-10-01 17:51:52,090 - DEBUG - NativeEvent(path="/Users/hogan/Library/CloudStorage/Dropbox/Mac/Documents/GitHub/st_fantrax_dashboard/pages/1_Fantrax Dashboard.py", inode=375118806, flags=11400, id=206583366): is_file, is_inode_meta_mod, is_modified
2023-10-01 17:51:52,090 - DEBUG - queue_event <FileModifiedEvent: event_type=modified, src_path='/Users/hogan/Library/CloudStorage/Dropbox/Mac/Documents/GitHub/st_fantrax_dashboard/pages/1_Fantrax Dashboard.py', is_directory=False>
2023-10-01 17:51:52,090 - DEBUG - queue_event <FileModifiedEvent: event_type=modified, src_path='/Users/hogan/Library/CloudStorage/Dropbox/Mac/Documents/GitHub/st_fantrax_dashboard/pages/1_Fantrax Dashboard.py', is_directory=False>
2023-10-01 17:51:52,248 - DEBUG - NativeEvent(path="/Users/hogan/Library/CloudStorage/Dropbox/Mac/Documents/GitHub/st_fantrax_dashboard/pages/1_Fantrax Dashboard.py", inode=375118806, flags=410000, id=206583387): is_cloned, is_file
2023-10-01 17:51:52,248 - DEBUG - NativeEvent(path="/Users/hogan/Library/CloudStorage/Dropbox/Mac/Documents/GitHub/st_fantrax_dashboard/pages/1_Fantrax Dashboard.py", inode=375118806, flags=410000, id=206583387): is_cloned, is_file
2023-10-01 17:51:54,090 - DEBUG - NativeEvent(path="/Users/hogan/Library/CloudStorage/Dropbox/Mac/Documents/GitHub/st_fantrax_dashboard/pages/1_Fantrax Dashboard.py", inode=375118806, flags=418000, id=206583705): is_cloned, is_file, is_xattr_mod
2023-10-01 17:51:54,090 - DEBUG - NativeEvent(path="/Users/hogan/Library/CloudStorage/Dropbox/Mac/Documents/GitHub/st_fantrax_dashboard/pages/1_Fantrax Dashboard.py", inode=375118806, flags=418000, id=206583705): is_cloned, is_file, is_xattr_mod
2023-10-01 17:51:54,090 - DEBUG - queue_event <FileModifiedEvent: event_type=modified, src_path='/Users/hogan/Library/CloudStorage/Dropbox/Mac/Documents/GitHub/st_fantrax_dashboard/pages/1_Fantrax Dashboard.py', is_directory=False>
2023-10-01 17:51:54,091 - DEBUG - queue_event <FileModifiedEvent: event_type=modified, src_path='/Users/hogan/Library/CloudStorage/Dropbox/Mac/Documents/GitHub/st_fantrax_dashboard/pages/1_Fantrax Dashboard.py', is_directory=False>
2023-10-01 17:51:54,207 - DEBUG - NativeEvent(path="/Users/hogan/Library/CloudStorage/Dropbox/Mac/Documents/GitHub/st_fantrax_dashboard/pages/1_Fantrax Dashboard.py", inode=375118806, flags=11400, id=206583726): is_file, is_inode_meta_mod, is_modified
2023-10-01 17:51:54,207 - DEBUG - NativeEvent(path="/Users/hogan/Library/CloudStorage/Dropbox/Mac/Documents/GitHub/st_fantrax_dashboard/pages/1_Fantrax Dashboard.py", inode=375118806, flags=11400, id=206583726): is_file, is_inode_meta_mod, is_modified
2023-10-01 17:51:54,220 - DEBUG - queue_event <FileModifiedEvent: event_type=modified, src_path='/Users/hogan/Library/CloudStorage/Dropbox/Mac/Documents/GitHub/st_fantrax_dashboard/pages/1_Fantrax Dashboard.py', is_directory=False>
2023-10-01 17:51:54,220 - DEBUG - queue_event <FileModifiedEvent: event_type=modified, src_path='/Users/hogan/Library/CloudStorage/Dropbox/Mac/Documents/GitHub/st_fantrax_dashboard/pages/1_Fantrax Dashboard.py', is_directory=False>
2023-10-01 17:51:54,231 - DEBUG - NativeEvent(path="/Users/hogan/Library/CloudStorage/Dropbox/Mac/Documents/GitHub/st_fantrax_dashboard/pages/1_Fantrax Dashboard.py", inode=375118806, flags=11400, id=206583729): is_file, is_inode_meta_mod, is_modified
2023-10-01 17:51:54,231 - DEBUG - NativeEvent(path="/Users/hogan/Library/CloudStorage/Dropbox/Mac/Documents/GitHub/st_fantrax_dashboard/pages/1_Fantrax Dashboard.py", inode=375118806, flags=11400, id=206583729): is_file, is_inode_meta_mod, is_modified
2023-10-01 17:51:54,231 - DEBUG - queue_event <FileModifiedEvent: event_type=modified, src_path='/Users/hogan/Library/CloudStorage/Dropbox/Mac/Documents/GitHub/st_fantrax_dashboard/pages/1_Fantrax Dashboard.py', is_directory=False>
2023-10-01 17:51:54,232 - DEBUG - queue_event <FileModifiedEvent: event_type=modified, src_path='/Users/hogan/Library/CloudStorage/Dropbox/Mac/Documents/GitHub/st_fantrax_dashboard/pages/1_Fantrax Dashboard.py', is_directory=False>
2023-10-01 17:51:54,344 - DEBUG - NativeEvent(path="/Users/hogan/Library/CloudStorage/Dropbox/Mac/Documents/GitHub/st_fantrax_dashboard/pages/1_Fantrax Dashboard.py", inode=375118806, flags=418000, id=206583744): is_cloned, is_file, is_xattr_mod
2023-10-01 17:51:54,344 - DEBUG - NativeEvent(path="/Users/hogan/Library/CloudStorage/Dropbox/Mac/Documents/GitHub/st_fantrax_dashboard/pages/1_Fantrax Dashboard.py", inode=375118806, flags=418000, id=206583744): is_cloned, is_file, is_xattr_mod
2023-10-01 17:51:54,345 - DEBUG - queue_event <FileModifiedEvent: event_type=modified, src_path='/Users/hogan/Library/CloudStorage/Dropbox/Mac/Documents/GitHub/st_fantrax_dashboard/pages/1_Fantrax Dashboard.py', is_directory=False>
2023-10-01 17:51:54,345 - DEBUG - queue_event <FileModifiedEvent: event_type=modified, src_path='/Users/hogan/Library/CloudStorage/Dropbox/Mac/Documents/GitHub/st_fantrax_dashboard/pages/1_Fantrax Dashboard.py', is_directory=False>
2023-10-01 17:51:56,472 - DEBUG - NativeEvent(path="/Users/hogan/Library/CloudStorage/Dropbox/Mac/Documents/GitHub/st_fantrax_dashboard/pages/1_Fantrax Dashboard.py", inode=375118806, flags=418000, id=206584076): is_cloned, is_file, is_xattr_mod
2023-10-01 17:51:56,472 - DEBUG - NativeEvent(path="/Users/hogan/Library/CloudStorage/Dropbox/Mac/Documents/GitHub/st_fantrax_dashboard/pages/1_Fantrax Dashboard.py", inode=375118806, flags=418000, id=206584076): is_cloned, is_file, is_xattr_mod
2023-10-01 17:51:56,472 - DEBUG - queue_event <FileModifiedEvent: event_type=modified, src_path='/Users/hogan/Library/CloudStorage/Dropbox/Mac/Documents/GitHub/st_fantrax_dashboard/pages/1_Fantrax Dashboard.py', is_directory=False>
2023-10-01 17:51:56,472 - DEBUG - queue_event <FileModifiedEvent: event_type=modified, src_path='/Users/hogan/Library/CloudStorage/Dropbox/Mac/Documents/GitHub/st_fantrax_dashboard/pages/1_Fantrax Dashboard.py', is_directory=False>
2023-10-01 17:52:09,017 - DEBUG - NativeEvent(path="/Users/hogan/Library/CloudStorage/Dropbox/Mac/Documents/GitHub/st_fantrax_dashboard/.git/index.lock", inode=376167373, flags=10100, id=206584610): is_created, is_file
2023-10-01 17:52:09,017 - DEBUG - queue_event <FileCreatedEvent: event_type=created, src_path='/Users/hogan/Library/CloudStorage/Dropbox/Mac/Documents/GitHub/st_fantrax_dashboard/.git/index.lock', is_directory=False>
2023-10-01 17:52:09,018 - DEBUG - queue_event <DirModifiedEvent: event_type=modified, src_path='/Users/hogan/Library/CloudStorage/Dropbox/Mac/Documents/GitHub/st_fantrax_dashboard/.git', is_directory=True>
2023-10-01 17:52:09,211 - DEBUG - NativeEvent(path="/Users/hogan/Library/CloudStorage/Dropbox/Mac/Documents/GitHub/st_fantrax_dashboard/.git/index.lock", inode=376167373, flags=10400, id=206584621): is_file, is_inode_meta_mod
2023-10-01 17:52:09,212 - DEBUG - queue_event <FileModifiedEvent: event_type=modified, src_path='/Users/hogan/Library/CloudStorage/Dropbox/Mac/Documents/GitHub/st_fantrax_dashboard/.git/index.lock', is_directory=False>
